<?xml version="1.0" encoding="UTF-8"?>
<!-- Generated by org.testng.reporters.JUnitReportReporter -->
<testsuite hostname="LAPTOP-S7FJ935T" failures="0" tests="1" name="Manipal.Axis_01062023.TRIAL" time="0.004" errors="0" timestamp="2023-06-06T11:14:50 IST" skipped="0">
  <testcase classname="Manipal.Axis_01062023.TRIAL" name="trstSceaniol" time="0.004"/>
  <system-out/>
</testsuite> <!-- Manipal.Axis_01062023.TRIAL -->
