<?xml version="1.0" encoding="UTF-8"?>
<!-- Generated by org.testng.reporters.JUnitReportReporter -->
<testsuite hostname="LAPTOP-S7FJ935T" failures="0" tests="1" name="MANIPALbase.BaseConfigurations" time="3.841" errors="0" timestamp="2023-06-06T12:50:13 IST" skipped="0">
  <testcase classname="MANIPALbase.BaseConfigurations" name="getDriver" time="3.841"/>
  <system-out/>
</testsuite> <!-- MANIPALbase.BaseConfigurations -->
